app/build/intermediates/manifest_merge_blame_file/debug/manifest-merger-blame-debug-report.txt
1<?xml version="1.0" encoding="utf-8"?>
2<!--
3 Copyright (c) 2010-2011, The MiCode Open Source Community (www.micode.net)
4
5     Licensed under the Apache License, Version 2.0 (the "License");
6     you may not use this file except in compliance with the License.
7     You may obtain a copy of the License at
8
9          http://www.apache.org/licenses/LICENSE-2.0
10
11     Unless required by applicable law or agreed to in writing, software
12     distributed under the License is distributed on an "AS IS" BASIS,
13     WITHOUT WARRANTIES OR CONDITIONS OF ANY KIND, either express or implied.
14     See the License for the specific language governing permissions and
15     limitations under the License.
16-->
17<manifest xmlns:android="http://schemas.android.com/apk/res/android"
18    package="net.micode.notes"
19    android:versionCode="1"
20    android:versionName="0.1" >
21
22    <uses-sdk
23        android:minSdkVersion="14"
23-->src\main\AndroidManifest.xml
24        android:targetSdkVersion="14" />
24-->src\main\AndroidManifest.xml
25
26    <uses-permission android:name="android.permission.WRITE_EXTERNAL_STORAGE" />
26-->src\main\AndroidManifest.xml:23:5-81
26-->src\main\AndroidManifest.xml:23:22-78
27    <uses-permission android:name="com.android.launcher.permission.INSTALL_SHORTCUT" />
27-->src\main\AndroidManifest.xml:24:5-88
27-->src\main\AndroidManifest.xml:24:22-85
28    <uses-permission android:name="android.permission.INTERNET" />
28-->src\main\AndroidManifest.xml:25:5-67
28-->src\main\AndroidManifest.xml:25:22-64
29    <uses-permission android:name="android.permission.READ_CONTACTS" />
29-->src\main\AndroidManifest.xml:26:5-72
29-->src\main\AndroidManifest.xml:26:22-69
30    <uses-permission android:name="android.permission.MANAGE_ACCOUNTS" />
30-->src\main\AndroidManifest.xml:27:5-74
30-->src\main\AndroidManifest.xml:27:22-71
31    <uses-permission android:name="android.permission.AUTHENTICATE_ACCOUNTS" />
31-->src\main\AndroidManifest.xml:28:5-80
31-->src\main\AndroidManifest.xml:28:22-77
32    <uses-permission android:name="android.permission.GET_ACCOUNTS" />
32-->src\main\AndroidManifest.xml:29:5-71
32-->src\main\AndroidManifest.xml:29:22-68
33    <uses-permission android:name="android.permission.USE_CREDENTIALS" />
33-->src\main\AndroidManifest.xml:30:5-74
33-->src\main\AndroidManifest.xml:30:22-71
34    <uses-permission android:name="android.permission.RECEIVE_BOOT_COMPLETED" />
34-->src\main\AndroidManifest.xml:31:5-81
34-->src\main\AndroidManifest.xml:31:22-78
35
36    <application
36-->src\main\AndroidManifest.xml:33:5-142:19
37        android:debuggable="true"
38        android:icon="@drawable/icon_app"
38-->src\main\AndroidManifest.xml:34:9-42
39        android:label="@string/app_name"
39-->src\main\AndroidManifest.xml:35:9-41
40        android:testOnly="true" >
41        <activity
41-->src\main\AndroidManifest.xml:36:9-49:20
42            android:name="net.micode.notes.ui.NotesListActivity"
42-->src\main\AndroidManifest.xml:37:13-49
43            android:configChanges="keyboard"
43-->src\main\AndroidManifest.xml:38:13-45
44            android:label="@string/app_name"
44-->src\main\AndroidManifest.xml:39:13-45
45            android:launchMode="singleTop"
45-->src\main\AndroidManifest.xml:40:13-43
46            android:theme="@style/HighlightTextAppearancePrimary"
46-->src\main\AndroidManifest.xml:41:13-66
47            android:uiOptions="splitActionBarWhenNarrow"
47-->src\main\AndroidManifest.xml:42:13-57
48            android:windowSoftInputMode="adjustPan" >
48-->src\main\AndroidManifest.xml:43:13-52
49            <intent-filter>
49-->src\main\AndroidManifest.xml:45:13-48:29
50                <action android:name="android.intent.action.MAIN" />
50-->src\main\AndroidManifest.xml:46:17-69
50-->src\main\AndroidManifest.xml:46:25-66
51
52                <category android:name="android.intent.category.LAUNCHER" />
52-->src\main\AndroidManifest.xml:47:17-77
52-->src\main\AndroidManifest.xml:47:27-74
53            </intent-filter>
54        </activity>
55        <activity
55-->src\main\AndroidManifest.xml:51:9-74:20
56            android:name="net.micode.notes.ui.NoteEditActivity"
56-->src\main\AndroidManifest.xml:52:13-48
57            android:configChanges="keyboardHidden|orientation|screenSize"
57-->src\main\AndroidManifest.xml:53:13-74
58            android:launchMode="singleTop"
58-->src\main\AndroidManifest.xml:54:13-43
59            android:theme="@style/HighlightTextAppearancePrimary" >
59-->src\main\AndroidManifest.xml:55:13-66
60            <intent-filter>
60-->src\main\AndroidManifest.xml:59:13-64:29
61                <action android:name="android.intent.action.INSERT_OR_EDIT" />
61-->src\main\AndroidManifest.xml:60:17-79
61-->src\main\AndroidManifest.xml:60:25-76
62
63                <category android:name="android.intent.category.DEFAULT" />
63-->src\main\AndroidManifest.xml:61:17-76
63-->src\main\AndroidManifest.xml:61:27-73
64
65                <data android:mimeType="vnd.android.cursor.item/text_note" />
65-->src\main\AndroidManifest.xml:62:17-78
65-->src\main\AndroidManifest.xml:62:23-75
66                <data android:mimeType="vnd.android.cursor.item/call_note" />
66-->src\main\AndroidManifest.xml:62:17-78
66-->src\main\AndroidManifest.xml:62:23-75
67            </intent-filter>
68            <intent-filter>
68-->src\main\AndroidManifest.xml:66:13-69:29
69                <action android:name="android.intent.action.SEARCH" />
69-->src\main\AndroidManifest.xml:67:17-71
69-->src\main\AndroidManifest.xml:67:25-68
70
71                <category android:name="android.intent.category.DEFAULT" />
71-->src\main\AndroidManifest.xml:61:17-76
71-->src\main\AndroidManifest.xml:61:27-73
72            </intent-filter>
73
74            <meta-data
74-->src\main\AndroidManifest.xml:71:13-73:54
75                android:name="android.app.searchable"
75-->src\main\AndroidManifest.xml:72:17-54
76                android:resource="@xml/searchable" />
76-->src\main\AndroidManifest.xml:73:17-51
77        </activity>
78
79        <provider
79-->src\main\AndroidManifest.xml:76:9-79:43
80            android:name="net.micode.notes.data.NotesProvider"
80-->src\main\AndroidManifest.xml:77:13-63
81            android:authorities="micode_notes"
81-->src\main\AndroidManifest.xml:78:13-47
82            android:multiprocess="true" />
82-->src\main\AndroidManifest.xml:79:13-40
83
84        <receiver
84-->src\main\AndroidManifest.xml:81:9-93:20
85            android:name="net.micode.notes.widget.NoteWidgetProvider_2x"
85-->src\main\AndroidManifest.xml:82:13-57
86            android:label="@string/app_widget2x2" >
86-->src\main\AndroidManifest.xml:83:13-50
87            <intent-filter>
87-->src\main\AndroidManifest.xml:84:13-88:29
88                <action android:name="android.appwidget.action.APPWIDGET_UPDATE" />
88-->src\main\AndroidManifest.xml:85:17-84
88-->src\main\AndroidManifest.xml:85:25-81
89                <action android:name="android.appwidget.action.APPWIDGET_DELETED" />
89-->src\main\AndroidManifest.xml:86:17-85
89-->src\main\AndroidManifest.xml:86:25-82
90                <action android:name="android.intent.action.PRIVACY_MODE_CHANGED" />
90-->src\main\AndroidManifest.xml:87:17-85
90-->src\main\AndroidManifest.xml:87:25-82
91            </intent-filter>
92
93            <meta-data
93-->src\main\AndroidManifest.xml:90:13-92:58
94                android:name="android.appwidget.provider"
94-->src\main\AndroidManifest.xml:91:17-58
95                android:resource="@xml/widget_2x_info" />
95-->src\main\AndroidManifest.xml:92:17-55
96        </receiver>
97        <receiver
97-->src\main\AndroidManifest.xml:94:9-107:20
98            android:name="net.micode.notes.widget.NoteWidgetProvider_4x"
98-->src\main\AndroidManifest.xml:95:13-57
99            android:label="@string/app_widget4x4" >
99-->src\main\AndroidManifest.xml:96:13-50
100            <intent-filter>
100-->src\main\AndroidManifest.xml:84:13-88:29
101                <action android:name="android.appwidget.action.APPWIDGET_UPDATE" />
101-->src\main\AndroidManifest.xml:85:17-84
101-->src\main\AndroidManifest.xml:85:25-81
102                <action android:name="android.appwidget.action.APPWIDGET_DELETED" />
102-->src\main\AndroidManifest.xml:86:17-85
102-->src\main\AndroidManifest.xml:86:25-82
103                <action android:name="android.intent.action.PRIVACY_MODE_CHANGED" />
103-->src\main\AndroidManifest.xml:87:17-85
103-->src\main\AndroidManifest.xml:87:25-82
104            </intent-filter>
105
106            <meta-data
106-->src\main\AndroidManifest.xml:90:13-92:58
107                android:name="android.appwidget.provider"
107-->src\main\AndroidManifest.xml:91:17-58
108                android:resource="@xml/widget_4x_info" />
108-->src\main\AndroidManifest.xml:92:17-55
109        </receiver>
110        <receiver android:name="net.micode.notes.ui.AlarmInitReceiver" >
110-->src\main\AndroidManifest.xml:109:9-113:20
110-->src\main\AndroidManifest.xml:109:19-55
111            <intent-filter>
111-->src\main\AndroidManifest.xml:110:13-112:29
112                <action android:name="android.intent.action.BOOT_COMPLETED" />
112-->src\main\AndroidManifest.xml:111:17-79
112-->src\main\AndroidManifest.xml:111:25-76
113            </intent-filter>
114        </receiver>
115        <receiver
115-->src\main\AndroidManifest.xml:115:9-118:20
116            android:name="net.micode.notes.ui.AlarmReceiver"
116-->src\main\AndroidManifest.xml:116:13-61
117            android:process=":remote" >
117-->src\main\AndroidManifest.xml:117:13-38
118        </receiver>
119
120        <activity
120-->src\main\AndroidManifest.xml:120:9-125:20
121            android:name="net.micode.notes.ui.AlarmAlertActivity"
121-->src\main\AndroidManifest.xml:121:13-50
122            android:label="@string/app_name"
122-->src\main\AndroidManifest.xml:122:13-45
123            android:launchMode="singleInstance"
123-->src\main\AndroidManifest.xml:123:13-48
124            android:theme="@android:style/Theme.Holo.Wallpaper.NoTitleBar" >
124-->src\main\AndroidManifest.xml:124:13-75
125        </activity>
126        <activity
126-->src\main\AndroidManifest.xml:127:9-132:20
127            android:name="net.micode.notes.ui.NotesPreferenceActivity"
127-->src\main\AndroidManifest.xml:128:13-71
128            android:label="@string/preferences_title"
128-->src\main\AndroidManifest.xml:129:13-54
129            android:launchMode="singleTop"
129-->src\main\AndroidManifest.xml:130:13-43
130            android:theme="@android:style/Theme.Holo.Light" >
130-->src\main\AndroidManifest.xml:131:13-60
131        </activity>
132
133        <service
133-->src\main\AndroidManifest.xml:134:9-137:19
134            android:name="net.micode.notes.gtask.remote.GTaskSyncService"
134-->src\main\AndroidManifest.xml:135:13-74
135            android:exported="false" >
135-->src\main\AndroidManifest.xml:136:13-37
136        </service>
137
138        <meta-data
138-->src\main\AndroidManifest.xml:139:9-141:52
139            android:name="android.app.default_searchable"
139-->src\main\AndroidManifest.xml:140:13-58
140            android:value=".ui.NoteEditActivity" />
140-->src\main\AndroidManifest.xml:141:13-49
141    </application>
142
143</manifest>